<?xml version="1.0" encoding="utf-8"?><testsuites name="pytest tests"><testsuite name="pytest" errors="0" failures="0" skipped="0" tests="18" time="5.044" timestamp="2026-08-12T04:17:59.250541+00:00" hostname="agent-env-9db77cb0-3df7-4a50-96db-66965a097236"><testcase classname="backend.tests.backend_test.TestAuthMe" name="test_me_no_token_returns_401" time="0.200" /><testcase classname="backend.tests.backend_test.TestAuthMe" name="test_me_invalid_token_returns_401" time="0.105" /><testcase classname="backend.tests.backend_test.TestAuthMe" name="test_me_via_bearer" time="0.544" /><testcase classname="backend.tests.backend_test.TestAuthMe" name="test_me_via_cookie" time="0.148" /><testcase classname="backend.tests.backend_test.TestAuthSession" name="test_session_missing_id_returns_400" time="0.107" /><testcase classname="backend.tests.backend_test.TestAuthSession" name="test_session_invalid_id_returns_401" time="0.187" /><testcase classname="backend.tests.backend_test.TestProxyCookieFix" name="test_logout_returns_both_set_cookies_through_proxy" time="0.107" /><testcase classname="backend.tests.backend_test.TestAuthLogout" name="test_logout_deletes_session" time="1.148" /><testcase classname="backend.tests.backend_test.TestHealth" name="test_health_ok" time="0.113" /><testcase classname="backend.tests.backend_test.TestCredits" name="test_credits_missing_user_id" time="0.178" /><testcase classname="backend.tests.backend_test.TestCredits" name="test_credits_returns_balance_for_seeded_user" time="0.488" /><testcase classname="backend.tests.backend_test.TestAdminUsers" name="test_requires_basic_auth" time="0.195" /><testcase classname="backend.tests.backend_test.TestAdminUsers" name="test_wrong_password_rejected" time="0.096" /><testcase classname="backend.tests.backend_test.TestAdminUsers" name="test_returns_users_with_expected_projection" time="0.104" /><testcase classname="backend.tests.backend_test.TestAdminCards" name="test_requires_basic_auth" time="0.102" /><testcase classname="backend.tests.backend_test.TestAdminCards" name="test_returns_cards_with_owner_username_resolved" time="0.145" /><testcase classname="backend.tests.backend_test.TestUserCards" name="test_missing_user_id" time="0.137" /><testcase classname="backend.tests.backend_test.TestUserCards" name="test_returns_enriched_cards_for_seeded_user" time="0.881" /></testsuite></testsuites>