<?xml version="1.0" encoding="utf-8"?><testsuites name="pytest tests"><testsuite name="pytest" errors="0" failures="0" skipped="0" tests="18" time="4.789" timestamp="2026-08-12T12:22:59.313455+00:00" hostname="agent-env-9db77cb0-3df7-4a50-96db-66965a097236"><testcase classname="backend.tests.backend_test.TestAuthMe" name="test_me_no_token_returns_401" time="0.220" /><testcase classname="backend.tests.backend_test.TestAuthMe" name="test_me_invalid_token_returns_401" time="0.119" /><testcase classname="backend.tests.backend_test.TestAuthMe" name="test_me_via_bearer" time="0.480" /><testcase classname="backend.tests.backend_test.TestAuthMe" name="test_me_via_cookie" time="0.125" /><testcase classname="backend.tests.backend_test.TestAuthSession" name="test_session_missing_id_returns_400" time="0.125" /><testcase classname="backend.tests.backend_test.TestAuthSession" name="test_session_invalid_id_returns_401" time="0.204" /><testcase classname="backend.tests.backend_test.TestProxyCookieFix" name="test_logout_returns_both_set_cookies_through_proxy" time="0.120" /><testcase classname="backend.tests.backend_test.TestAuthLogout" name="test_logout_deletes_session" time="1.030" /><testcase classname="backend.tests.backend_test.TestHealth" name="test_health_ok" time="0.115" /><testcase classname="backend.tests.backend_test.TestCredits" name="test_credits_missing_user_id" time="0.131" /><testcase classname="backend.tests.backend_test.TestCredits" name="test_credits_returns_balance_for_seeded_user" time="0.471" /><testcase classname="backend.tests.backend_test.TestAdminUsers" name="test_requires_basic_auth" time="0.117" /><testcase classname="backend.tests.backend_test.TestAdminUsers" name="test_wrong_password_rejected" time="0.101" /><testcase classname="backend.tests.backend_test.TestAdminUsers" name="test_returns_users_with_expected_projection" time="0.132" /><testcase classname="backend.tests.backend_test.TestAdminCards" name="test_requires_basic_auth" time="0.183" /><testcase classname="backend.tests.backend_test.TestAdminCards" name="test_returns_cards_with_owner_username_resolved" time="0.114" /><testcase classname="backend.tests.backend_test.TestUserCards" name="test_missing_user_id" time="0.100" /><testcase classname="backend.tests.backend_test.TestUserCards" name="test_returns_enriched_cards_for_seeded_user" time="0.820" /></testsuite></testsuites>